0 info it worked if it ends with ok
1 verbose cli [ 'node', '/usr/local/bin/npm', 'install', '-g', 'nodemon' ]
2 info using npm@2.11.3
3 info using node@v0.12.7
4 verbose install initial load of /usr/local/lib/package.json
5 verbose readDependencies loading dependencies from /usr/local/lib/package.json
6 silly cache add args [ 'nodemon', null ]
7 verbose cache add spec nodemon
8 silly cache add parsed spec { raw: 'nodemon',
8 silly cache add   scope: null,
8 silly cache add   name: 'nodemon',
8 silly cache add   rawSpec: '',
8 silly cache add   spec: '*',
8 silly cache add   type: 'range' }
9 silly addNamed nodemon@*
10 verbose addNamed "*" is a valid semver range for nodemon
11 silly addNameRange { name: 'nodemon', range: '*', hasData: false }
12 silly mapToRegistry name nodemon
13 silly mapToRegistry using default registry
14 silly mapToRegistry registry https://registry.npmjs.org/
15 silly mapToRegistry uri https://registry.npmjs.org/nodemon
16 verbose addNameRange registry:https://registry.npmjs.org/nodemon not in flight; fetching
17 verbose request uri https://registry.npmjs.org/nodemon
18 verbose request no auth needed
19 info attempt registry request try #1 at 5:02:08 PM
20 verbose request id 249bed0aba686d16
21 http request GET https://registry.npmjs.org/nodemon
22 http 200 https://registry.npmjs.org/nodemon
23 silly get cb [ 200,
23 silly get   { server: 'CouchDB/1.5.0 (Erlang OTP/R16B03)',
23 silly get     etag: '"5DBC8V0WX89RBHP5TP7O7N1JH"',
23 silly get     'content-type': 'application/json',
23 silly get     'cache-control': 'max-age=60',
23 silly get     'content-length': '152134',
23 silly get     'accept-ranges': 'bytes',
23 silly get     date: 'Mon, 17 Aug 2015 22:02:08 GMT',
23 silly get     via: '1.1 varnish',
23 silly get     age: '0',
23 silly get     connection: 'keep-alive',
23 silly get     'x-served-by': 'cache-sjc3127-SJC',
23 silly get     'x-cache': 'HIT',
23 silly get     'x-cache-hits': '1',
23 silly get     'x-timer': 'S1439848928.532616,VS0,VE40',
23 silly get     vary: 'Accept' } ]
24 verbose get saving nodemon to /Users/Mac2/.npm/registry.npmjs.org/nodemon/.cache.json
25 silly addNameRange number 2 { name: 'nodemon', range: '*', hasData: true }
26 silly addNameRange versions [ 'nodemon',
26 silly addNameRange   [ '0.1.4',
26 silly addNameRange     '0.1.5',
26 silly addNameRange     '0.1.6',
26 silly addNameRange     '0.1.7',
26 silly addNameRange     '0.1.8',
26 silly addNameRange     '0.2.0',
26 silly addNameRange     '0.2.1',
26 silly addNameRange     '0.2.2',
26 silly addNameRange     '0.3.0',
26 silly addNameRange     '0.3.1',
26 silly addNameRange     '0.3.2',
26 silly addNameRange     '0.4.0',
26 silly addNameRange     '0.4.1',
26 silly addNameRange     '0.5.0',
26 silly addNameRange     '0.5.1',
26 silly addNameRange     '0.5.2',
26 silly addNameRange     '0.5.3',
26 silly addNameRange     '0.5.4',
26 silly addNameRange     '0.5.5',
26 silly addNameRange     '0.5.6',
26 silly addNameRange     '0.5.7',
26 silly addNameRange     '0.6.0',
26 silly addNameRange     '0.6.1',
26 silly addNameRange     '0.6.2',
26 silly addNameRange     '0.6.3',
26 silly addNameRange     '0.6.4',
26 silly addNameRange     '0.6.5',
26 silly addNameRange     '0.6.6',
26 silly addNameRange     '0.6.7',
26 silly addNameRange     '0.6.8',
26 silly addNameRange     '0.6.9',
26 silly addNameRange     '0.6.10',
26 silly addNameRange     '0.6.11',
26 silly addNameRange     '0.6.12',
26 silly addNameRange     '0.6.13',
26 silly addNameRange     '0.6.14',
26 silly addNameRange     '0.6.15',
26 silly addNameRange     '0.6.16',
26 silly addNameRange     '0.6.17',
26 silly addNameRange     '0.6.18',
26 silly addNameRange     '0.6.19',
26 silly addNameRange     '0.6.20',
26 silly addNameRange     '0.6.21',
26 silly addNameRange     '0.6.22',
26 silly addNameRange     '0.6.23',
26 silly addNameRange     '0.7.0',
26 silly addNameRange     '0.7.1',
26 silly addNameRange     '0.7.2',
26 silly addNameRange     '0.7.3',
26 silly addNameRange     '0.7.4',
26 silly addNameRange     '0.7.5',
26 silly addNameRange     '0.7.6',
26 silly addNameRange     '0.7.7',
26 silly addNameRange     '0.7.8',
26 silly addNameRange     '0.7.10',
26 silly addNameRange     '0.9.0',
26 silly addNameRange     '0.9.1',
26 silly addNameRange     '0.9.2',
26 silly addNameRange     '0.9.3',
26 silly addNameRange     '0.9.5',
26 silly addNameRange     '0.9.6',
26 silly addNameRange     '0.9.7',
26 silly addNameRange     '0.9.10',
26 silly addNameRange     '0.9.11',
26 silly addNameRange     '0.9.12',
26 silly addNameRange     '0.9.14',
26 silly addNameRange     '0.9.16',
26 silly addNameRange     '0.9.17',
26 silly addNameRange     '1.0.0',
26 silly addNameRange     '1.0.1',
26 silly addNameRange     '1.0.2',
26 silly addNameRange     '1.0.2-rc',
26 silly addNameRange     '0.6.10-a',
26 silly addNameRange     '1.0.2-rc3',
26 silly addNameRange     '1.0.2-rc4',
26 silly addNameRange     '1.0.3',
26 silly addNameRange     '1.0.4',
26 silly addNameRange     '1.0.5',
26 silly addNameRange     '1.0.6',
26 silly addNameRange     '1.0.7',
26 silly addNameRange     '1.0.8',
26 silly addNameRange     '1.0.9',
26 silly addNameRange     '1.0.10',
26 silly addNameRange     '1.0.11',
26 silly addNameRange     '1.0.12',
26 silly addNameRange     '1.0.13',
26 silly addNameRange     '1.0.14',
26 silly addNameRange     '1.0.15',
26 silly addNameRange     '1.0.16',
26 silly addNameRange     '1.0.17-rc1',
26 silly addNameRange     '1.0.17-rc2',
26 silly addNameRange     '1.0.17',
26 silly addNameRange     '1.0.18',
26 silly addNameRange     '1.0.19',
26 silly addNameRange     '1.0.20',
26 silly addNameRange     '1.1.0-alpha',
26 silly addNameRange     '1.1.0',
26 silly addNameRange     '1.1.1',
26 silly addNameRange     '1.2.0',
26 silly addNameRange     '1.2.1',
26 silly addNameRange     '1.3.0-0',
26 silly addNameRange     '1.3.0-1',
26 silly addNameRange     '1.3.0-2',
26 silly addNameRange     '1.3.0-3',
26 silly addNameRange     '1.3.0-4',
26 silly addNameRange     '1.3.0-5',
26 silly addNameRange     '1.3.0-6',
26 silly addNameRange     '1.3.0-7',
26 silly addNameRange     '1.3.0',
26 silly addNameRange     '1.3.1',
26 silly addNameRange     '1.3.2',
26 silly addNameRange     '1.3.3',
26 silly addNameRange     '1.3.5',
26 silly addNameRange     '1.3.6',
26 silly addNameRange     '1.3.7',
26 silly addNameRange     '1.3.8',
26 silly addNameRange     '1.4.0',
26 silly addNameRange     '1.4.1' ] ]
27 silly addNamed nodemon@1.4.1
28 verbose addNamed "1.4.1" is a plain semver version for nodemon
29 silly mapToRegistry name nodemon
30 silly mapToRegistry using default registry
31 silly mapToRegistry registry https://registry.npmjs.org/
32 silly mapToRegistry uri https://registry.npmjs.org/nodemon
33 verbose addRemoteTarball https://registry.npmjs.org/nodemon/-/nodemon-1.4.1.tgz not in flight; adding
34 verbose addRemoteTarball [ 'https://registry.npmjs.org/nodemon/-/nodemon-1.4.1.tgz',
34 verbose addRemoteTarball   'ec40ea28e832619b6bf9bc9370edcc062966decb' ]
35 info retry fetch attempt 1 at 5:02:09 PM
36 info attempt registry request try #1 at 5:02:09 PM
37 http fetch GET https://registry.npmjs.org/nodemon/-/nodemon-1.4.1.tgz
38 http fetch 200 https://registry.npmjs.org/nodemon/-/nodemon-1.4.1.tgz
39 silly fetchAndShaCheck shasum ec40ea28e832619b6bf9bc9370edcc062966decb
40 verbose addTmpTarball /var/folders/9k/bzw8rfn54kq_nbwfrzdh6r480000gn/T/npm-16521-cd18b910/registry.npmjs.org/nodemon/-/nodemon-1.4.1.tgz not in flight; adding
41 verbose addTmpTarball already have metadata; skipping unpack for nodemon@1.4.1
42 silly cache afterAdd nodemon@1.4.1
43 verbose afterAdd /Users/Mac2/.npm/nodemon/1.4.1/package/package.json not in flight; writing
44 verbose afterAdd /Users/Mac2/.npm/nodemon/1.4.1/package/package.json written
45 silly install resolved [ { name: 'nodemon',
45 silly install resolved     homepage: 'http://nodemon.io',
45 silly install resolved     author: { name: 'Remy Sharp', url: 'http://github.com/remy' },
45 silly install resolved     bin: { nodemon: './bin/nodemon.js' },
45 silly install resolved     engines: { node: '>=0.8' },
45 silly install resolved     repository:
45 silly install resolved      { type: 'git',
45 silly install resolved        url: 'git+ssh://git@github.com/remy/nodemon.git' },
45 silly install resolved     description: 'Simple monitor script for use during development of a node.js app.',
45 silly install resolved     keywords:
45 silly install resolved      [ 'monitor',
45 silly install resolved        'development',
45 silly install resolved        'restart',
45 silly install resolved        'autoload',
45 silly install resolved        'reload',
45 silly install resolved        'terminal' ],
45 silly install resolved     version: '1.4.1',
45 silly install resolved     preferGlobal: 'true',
45 silly install resolved     license: 'MIT',
45 silly install resolved     main: './lib/nodemon',
45 silly install resolved     scripts:
45 silly install resolved      { coverage: 'istanbul cover _mocha -- --timeout 30000 --ui bdd --reporter list test/**/*.test.js',
45 silly install resolved        ':test': 'mocha --timeout 30000 --ui bdd test/**/*.test.js',
45 silly install resolved        test: 'for FILE in test/**/*.test.js; do echo $FILE; ./node_modules/.bin/mocha --timeout 30000 $FILE; if [ $? -ne 0 ]; then exit 1; fi; sleep 1; done',
45 silly install resolved        web: 'node web' },
45 silly install resolved     devDependencies:
45 silly install resolved      { 'coffee-script': '~1.7.1',
45 silly install resolved        connect: '~2.19.1',
45 silly install resolved        istanbul: '~0.2.10',
45 silly install resolved        mocha: '^2.0.1',
45 silly install resolved        should: '~4.0.0' },
45 silly install resolved     dependencies:
45 silly install resolved      { minimatch: '~0.3.0',
45 silly install resolved        'ps-tree': '~0.0.3',
45 silly install resolved        touch: '~1.0.0',
45 silly install resolved        'update-notifier': '^0.3.0' },
45 silly install resolved     gitHead: '2e56d8404e09320355b8d84ba90f8c8d61c72b8b',
45 silly install resolved     bugs: { url: 'https://github.com/remy/nodemon/issues' },
45 silly install resolved     _id: 'nodemon@1.4.1',
45 silly install resolved     _shasum: 'ec40ea28e832619b6bf9bc9370edcc062966decb',
45 silly install resolved     _from: 'nodemon@*',
45 silly install resolved     _npmVersion: '2.13.1',
45 silly install resolved     _nodeVersion: '0.10.38',
45 silly install resolved     _npmUser: { name: 'remy', email: 'remy@leftlogic.com' },
45 silly install resolved     dist:
45 silly install resolved      { shasum: 'ec40ea28e832619b6bf9bc9370edcc062966decb',
45 silly install resolved        tarball: 'http://registry.npmjs.org/nodemon/-/nodemon-1.4.1.tgz' },
45 silly install resolved     maintainers: [ [Object] ],
45 silly install resolved     directories: {},
45 silly install resolved     _resolved: 'https://registry.npmjs.org/nodemon/-/nodemon-1.4.1.tgz' } ]
46 info install nodemon@1.4.1 into /usr/local/lib
47 info installOne nodemon@1.4.1
48 verbose installOne of nodemon to /usr/local/lib not in flight; installing
49 verbose lock using /Users/Mac2/.npm/_locks/nodemon-49f7ed19e778991e.lock for /usr/local/lib/node_modules/nodemon
50 silly install write writing nodemon 1.4.1 to /usr/local/lib/node_modules/nodemon
51 verbose unbuild lib/node_modules/nodemon
52 info preuninstall nodemon@1.4.0
53 info uninstall nodemon@1.4.0
54 verbose unbuild rmStuff nodemon@1.4.0 from /usr/local/lib/node_modules
55 silly gentlyRm /usr/local/bin/nodemon is being gently removed
56 silly gentlyRm verifying /usr/local is an npm working directory
57 silly gentlyRm containing path /usr/local is under npm's control, in /usr/local
58 silly gentlyRm deletion target /usr/local/bin/nodemon is under /usr/local
59 verbose gentlyRm vacuuming from /usr/local/bin/nodemon up to /usr/local
60 silly vacuum-fs removing /usr/local/bin/nodemon
61 verbose unlock done using /Users/Mac2/.npm/_locks/nodemon-49f7ed19e778991e.lock for /usr/local/lib/node_modules/nodemon
62 verbose stack Error: EACCES, unlink '/usr/local/bin/nodemon'
62 verbose stack     at Error (native)
63 verbose cwd /Users/Mac2/Develop/intermed
64 error Darwin 14.4.0
65 error argv "node" "/usr/local/bin/npm" "install" "-g" "nodemon"
66 error node v0.12.7
67 error npm  v2.11.3
68 error path /usr/local/bin/nodemon
69 error code EACCES
70 error errno -13
71 error Error: EACCES, unlink '/usr/local/bin/nodemon'
71 error     at Error (native)
71 error  { [Error: EACCES, unlink '/usr/local/bin/nodemon'] errno: -13, code: 'EACCES', path: '/usr/local/bin/nodemon' }
72 error Please try running this command again as root/Administrator.
73 verbose exit [ -13, true ]
74 verbose unbuild lib/node_modules/nodemon
75 info preuninstall nodemon@1.4.0
76 info uninstall nodemon@1.4.0
77 verbose unbuild rmStuff nodemon@1.4.0 from /usr/local/lib/node_modules
78 silly gentlyRm /usr/local/bin/nodemon is being gently removed
79 silly gentlyRm verifying /usr/local is an npm working directory
80 silly gentlyRm containing path /usr/local is under npm's control, in /usr/local
81 silly gentlyRm deletion target /usr/local/bin/nodemon is under /usr/local
82 verbose gentlyRm vacuuming from /usr/local/bin/nodemon up to /usr/local
83 silly vacuum-fs removing /usr/local/bin/nodemon
84 error error rolling back Error: EACCES, unlink '/usr/local/bin/nodemon'
84 error error rolling back     at Error (native)
84 error error rolling back  { [Error: EACCES, unlink '/usr/local/bin/nodemon'] errno: -13, code: 'EACCES', path: '/usr/local/bin/nodemon' }
